<?xml version="1.0" encoding="UTF-8"?>
<!-- Generated by org.testng.reporters.JUnitReportReporter -->
<testsuite hostname="PNQ-I7-Z8850-04" failures="0" tests="1" name="Automation.Automation.AppTest" time="3.514" errors="0" timestamp="2024-05-17T21:40:48 IST" skipped="0">
  <testcase classname="Automation.Automation.AppTest" name="setUp" time="3.514"/>
  <system-out/>
</testsuite> <!-- Automation.Automation.AppTest -->
